TN:
SF:src/constants.ts
FN:12,(anonymous_0)
FN:20,(anonymous_1)
FN:29,(anonymous_2)
FNF:3
FNH:3
FNDA:5,(anonymous_0)
FNDA:5,(anonymous_1)
FNDA:5,(anonymous_2)
DA:5,5
DA:6,5
DA:7,5
DA:12,5
DA:13,5
DA:14,5
DA:20,5
DA:21,5
DA:22,5
DA:23,5
DA:29,5
DA:30,5
DA:31,5
DA:32,5
DA:33,5
DA:39,5
DA:40,5
LF:17
LH:17
BRDA:12,0,0,5
BRDA:12,0,1,5
BRDA:20,1,0,5
BRDA:20,1,1,5
BRDA:29,2,0,5
BRDA:29,2,1,5
BRF:6
BRH:6
end_of_record
TN:
SF:src/utils.ts
FN:22,getApiToken
FN:33,makeApiRequest
FN:62,handleApiError
FN:99,formatDate
FN:109,formatPriority
FN:117,formatTaskMarkdown
FN:132,(anonymous_6)
FN:137,(anonymous_7)
FN:156,formatTaskCompact
FN:158,(anonymous_9)
FN:167,formatListMarkdown
FN:196,formatSpaceMarkdown
FN:219,formatFolderMarkdown
FN:245,formatCommentMarkdown
FN:261,formatTimeEntryMarkdown
FN:293,getPagination
FN:313,generateTaskSummary
FN:347,(anonymous_17)
FN:354,(anonymous_18)
FN:361,(anonymous_19)
FN:371,truncateJsonResponse
FN:380,(anonymous_21)
FN:445,truncateMarkdownResponse
FN:464,(anonymous_23)
FN:497,truncateResponse
FN:518,formatTruncationInfo
FN:527,filterTasksByStatus
FN:532,(anonymous_27)
FN:558,countTasksByStatus
FN:628,escapeCSV
FN:648,normalizePhoneToE164
FN:711,extractCustomFieldValue
FN:733,(anonymous_32)
FN:735,(anonymous_33)
FN:748,getCustomField
FN:752,(anonymous_35)
FN:757,(anonymous_36)
FN:764,(anonymous_37)
FN:773,taskToCSVRow
FN:793,(anonymous_39)
FN:803,(anonymous_40)
FN:807,(anonymous_41)
FN:824,(anonymous_42)
FN:849,exportTasksToCSV
FN:933,(anonymous_44)
FNF:45
FNH:37
FNDA:3,getApiToken
FNDA:0,makeApiRequest
FNDA:23,handleApiError
FNDA:60,formatDate
FNDA:1033,formatPriority
FNDA:18,formatTaskMarkdown
FNDA:56,(anonymous_6)
FNDA:105,(anonymous_7)
FNDA:4,formatTaskCompact
FNDA:1,(anonymous_9)
FNDA:4,formatListMarkdown
FNDA:4,formatSpaceMarkdown
FNDA:4,formatFolderMarkdown
FNDA:6,formatCommentMarkdown
FNDA:6,formatTimeEntryMarkdown
FNDA:12,getPagination
FNDA:8,generateTaskSummary
FNDA:2,(anonymous_17)
FNDA:1,(anonymous_18)
FNDA:2,(anonymous_19)
FNDA:2,truncateJsonResponse
FNDA:2,(anonymous_21)
FNDA:3,truncateMarkdownResponse
FNDA:12,(anonymous_23)
FNDA:8,truncateResponse
FNDA:3,formatTruncationInfo
FNDA:12,filterTasksByStatus
FNDA:18,(anonymous_27)
FNDA:0,countTasksByStatus
FNDA:24,escapeCSV
FNDA:64,normalizePhoneToE164
FNDA:32,extractCustomFieldValue
FNDA:5,(anonymous_32)
FNDA:0,(anonymous_33)
FNDA:10,getCustomField
FNDA:14,(anonymous_35)
FNDA:2,(anonymous_36)
FNDA:4,(anonymous_37)
FNDA:3,taskToCSVRow
FNDA:0,(anonymous_39)
FNDA:0,(anonymous_40)
FNDA:1,(anonymous_41)
FNDA:0,(anonymous_42)
FNDA:0,exportTasksToCSV
FNDA:0,(anonymous_44)
DA:23,3
DA:24,3
DA:25,2
DA:27,1
DA:39,0
DA:40,0
DA:41,0
DA:53,0
DA:55,0
DA:63,23
DA:64,12
DA:65,9
DA:66,9
DA:68,9
DA:70,1
DA:72,1
DA:74,1
DA:76,1
DA:78,1
DA:82,3
DA:84,1
DA:86,3
DA:87,1
DA:88,2
DA:89,2
DA:93,11
DA:100,60
DA:102,58
DA:103,58
DA:110,1033
DA:111,5
DA:118,18
DA:120,18
DA:121,18
DA:122,18
DA:123,18
DA:124,18
DA:125,18
DA:127,18
DA:128,2
DA:131,18
DA:132,56
DA:133,5
DA:136,18
DA:137,105
DA:138,4
DA:141,18
DA:142,5
DA:143,5
DA:144,5
DA:147,18
DA:148,18
DA:150,18
DA:157,4
DA:158,1
DA:161,4
DA:168,4
DA:170,4
DA:171,4
DA:172,4
DA:174,4
DA:175,2
DA:178,4
DA:179,2
DA:182,4
DA:183,3
DA:184,3
DA:185,3
DA:186,5
DA:190,4
DA:197,4
DA:199,4
DA:200,4
DA:201,4
DA:202,4
DA:204,4
DA:205,2
DA:206,2
DA:207,2
DA:208,2
DA:209,2
DA:210,2
DA:213,4
DA:220,4
DA:222,4
DA:223,4
DA:224,4
DA:225,4
DA:227,4
DA:228,4
DA:231,4
DA:232,2
DA:233,2
DA:234,2
DA:235,3
DA:239,4
DA:246,6
DA:248,6
DA:249,6
DA:251,6
DA:252,2
DA:255,6
DA:262,6
DA:264,6
DA:265,6
DA:266,6
DA:268,6
DA:269,6
DA:271,6
DA:272,3
DA:274,3
DA:277,6
DA:278,2
DA:281,6
DA:282,1
DA:285,6
DA:287,6
DA:299,12
DA:301,12
DA:314,8
DA:316,8
DA:317,8
DA:318,8
DA:319,8
DA:322,8
DA:323,8
DA:324,8
DA:326,8
DA:328,1013
DA:329,1013
DA:332,1013
DA:333,2
DA:334,2
DA:337,1011
DA:341,1013
DA:342,1013
DA:346,8
DA:347,8
DA:348,8
DA:352,8
DA:353,8
DA:354,8
DA:355,7
DA:359,8
DA:360,8
DA:361,8
DA:362,8
DA:365,8
DA:376,2
DA:377,2
DA:380,2
DA:381,2
DA:383,0
DA:386,2
DA:387,2
DA:391,2
DA:392,338
DA:393,338
DA:396,2
DA:399,2
DA:401,0
DA:402,0
DA:404,0
DA:405,0
DA:406,0
DA:410,0
DA:411,0
DA:412,0
DA:418,0
DA:422,0
DA:425,2
DA:426,0
DA:432,0
DA:435,2
DA:438,0
DA:450,3
DA:451,0
DA:455,3
DA:456,3
DA:459,3
DA:464,12
DA:466,3
DA:467,0
DA:470,3
DA:471,3
DA:472,0
DA:476,3
DA:479,3
DA:480,3
DA:483,3
DA:490,3
DA:502,8
DA:503,3
DA:507,5
DA:508,5
DA:509,2
DA:512,3
DA:519,3
DA:521,2
DA:528,12
DA:529,4
DA:532,8
DA:533,18
DA:534,18
DA:562,0
DA:563,0
DA:564,0
DA:565,0
DA:566,0
DA:569,0
DA:570,0
DA:576,0
DA:577,0
DA:584,0
DA:585,0
DA:587,0
DA:588,0
DA:590,0
DA:595,0
DA:596,0
DA:597,0
DA:601,0
DA:602,0
DA:603,0
DA:604,0
DA:607,0
DA:629,24
DA:630,22
DA:632,22
DA:633,10
DA:635,12
DA:649,64
DA:651,58
DA:652,58
DA:656,57
DA:659,57
DA:660,57
DA:661,17
DA:665,57
DA:668,57
DA:671,56
DA:672,5
DA:681,51
DA:683,23
DA:684,28
DA:687,11
DA:689,5
DA:690,6
DA:692,1
DA:696,45
DA:700,45
DA:701,45
DA:702,0
DA:705,45
DA:712,32
DA:715,27
DA:720,27
DA:721,12
DA:723,12
DA:724,15
DA:725,5
DA:726,10
DA:727,2
DA:728,8
DA:729,1
DA:730,7
DA:731,3
DA:732,4
DA:733,5
DA:734,2
DA:735,0
DA:736,2
DA:737,2
DA:741,0
DA:742,0
DA:749,10
DA:752,14
DA:753,8
DA:756,5
DA:757,2
DA:758,1
DA:759,1
DA:764,4
DA:765,4
DA:767,4
DA:774,3
DA:776,3
DA:777,9
DA:780,9
DA:781,2
DA:782,7
DA:783,3
DA:784,4
DA:785,2
DA:786,2
DA:787,0
DA:788,2
DA:789,0
DA:790,2
DA:791,0
DA:792,2
DA:793,0
DA:794,2
DA:795,0
DA:796,2
DA:797,0
DA:798,2
DA:799,0
DA:800,2
DA:801,0
DA:802,2
DA:803,0
DA:804,2
DA:807,1
DA:809,1
DA:811,0
DA:815,1
DA:816,1
DA:818,1
DA:819,1
DA:820,0
DA:821,0
DA:824,0
DA:825,0
DA:830,0
DA:831,0
DA:837,1
DA:840,9
DA:843,3
DA:860,0
DA:862,0
DA:863,0
DA:864,0
DA:865,0
DA:868,0
DA:869,0
DA:875,0
DA:876,0
DA:883,0
DA:884,0
DA:886,0
DA:887,0
DA:889,0
DA:894,0
DA:895,0
DA:898,0
DA:899,0
DA:906,0
DA:922,0
DA:923,0
DA:924,0
DA:925,0
DA:926,0
DA:932,0
DA:933,0
DA:937,0
DA:938,0
DA:939,0
DA:941,0
DA:944,0
DA:946,0
DA:948,0
DA:951,0
DA:952,0
DA:953,0
DA:956,0
DA:963,0
DA:966,0
DA:969,0
DA:970,0
DA:971,0
DA:974,0
LF:372
LH:265
BRDA:24,0,0,2
BRDA:35,1,0,0
BRDA:63,2,0,12
BRDA:64,3,0,9
BRDA:64,3,1,3
BRDA:68,4,0,1
BRDA:68,4,1,1
BRDA:68,4,2,1
BRDA:68,4,3,1
BRDA:68,4,4,1
BRDA:68,4,5,1
BRDA:68,4,6,2
BRDA:68,4,7,3
BRDA:68,4,8,1
BRDA:70,5,0,1
BRDA:70,5,1,0
BRDA:76,6,0,1
BRDA:76,6,1,0
BRDA:84,7,0,1
BRDA:84,7,1,0
BRDA:86,8,0,1
BRDA:86,8,1,2
BRDA:88,9,0,2
BRDA:88,10,0,2
BRDA:88,10,1,1
BRDA:93,11,0,5
BRDA:93,11,1,6
BRDA:100,12,0,2
BRDA:102,13,0,55
BRDA:102,13,1,3
BRDA:110,14,0,1028
BRDA:127,15,0,2
BRDA:131,16,0,5
BRDA:131,17,0,18
BRDA:131,17,1,18
BRDA:136,18,0,4
BRDA:136,19,0,18
BRDA:136,19,1,18
BRDA:141,20,0,5
BRDA:157,21,0,1
BRDA:157,21,1,3
BRDA:157,22,0,4
BRDA:157,22,1,4
BRDA:174,23,0,2
BRDA:178,24,0,2
BRDA:182,25,0,3
BRDA:182,26,0,4
BRDA:182,26,1,3
BRDA:201,27,0,2
BRDA:201,27,1,2
BRDA:202,28,0,2
BRDA:202,28,1,2
BRDA:204,29,0,2
BRDA:207,30,0,2
BRDA:207,30,1,0
BRDA:208,31,0,2
BRDA:208,31,1,0
BRDA:209,32,0,2
BRDA:209,32,1,0
BRDA:210,33,0,2
BRDA:210,33,1,0
BRDA:225,34,0,2
BRDA:225,34,1,2
BRDA:227,35,0,4
BRDA:231,36,0,2
BRDA:231,37,0,4
BRDA:231,37,1,2
BRDA:251,38,0,2
BRDA:271,39,0,3
BRDA:271,39,1,3
BRDA:277,40,0,2
BRDA:281,41,0,1
BRDA:285,42,0,4
BRDA:285,42,1,2
BRDA:299,43,0,8
BRDA:299,43,1,4
BRDA:306,44,0,5
BRDA:306,44,1,7
BRDA:329,45,0,1013
BRDA:329,45,1,8
BRDA:332,46,0,2
BRDA:332,46,1,1011
BRDA:332,47,0,1013
BRDA:332,47,1,1013
BRDA:334,48,0,2
BRDA:334,48,1,1
BRDA:337,49,0,1011
BRDA:337,49,1,6
BRDA:342,50,0,1013
BRDA:342,50,1,8
BRDA:374,51,0,0
BRDA:381,52,0,0
BRDA:381,53,0,2
BRDA:381,53,1,2
BRDA:391,54,0,340
BRDA:391,54,1,338
BRDA:399,55,0,0
BRDA:401,56,0,0
BRDA:401,57,0,0
BRDA:401,57,1,0
BRDA:405,58,0,0
BRDA:405,59,0,0
BRDA:405,59,1,0
BRDA:411,60,0,0
BRDA:425,61,0,0
BRDA:448,62,0,0
BRDA:450,63,0,0
BRDA:466,64,0,0
BRDA:466,64,1,3
BRDA:471,65,0,0
BRDA:480,66,0,3
BRDA:480,66,1,3
BRDA:480,67,0,3
BRDA:480,67,1,3
BRDA:500,68,0,0
BRDA:502,69,0,3
BRDA:508,70,0,2
BRDA:508,71,0,5
BRDA:508,71,1,3
BRDA:519,72,0,1
BRDA:528,73,0,4
BRDA:528,74,0,12
BRDA:528,74,1,10
BRDA:534,75,0,18
BRDA:534,75,1,17
BRDA:560,76,0,0
BRDA:562,77,0,0
BRDA:562,78,0,0
BRDA:584,79,0,0
BRDA:584,79,1,0
BRDA:596,80,0,0
BRDA:596,81,0,0
BRDA:596,81,1,0
BRDA:603,82,0,0
BRDA:603,82,1,0
BRDA:604,83,0,0
BRDA:604,83,1,0
BRDA:629,84,0,2
BRDA:629,85,0,24
BRDA:629,85,1,23
BRDA:632,86,0,10
BRDA:632,87,0,22
BRDA:632,87,1,17
BRDA:632,87,2,14
BRDA:649,88,0,6
BRDA:652,89,0,1
BRDA:660,90,0,17
BRDA:668,91,0,1
BRDA:671,92,0,5
BRDA:681,93,0,23
BRDA:681,93,1,28
BRDA:684,94,0,17
BRDA:684,94,1,11
BRDA:684,95,0,28
BRDA:684,95,1,17
BRDA:687,96,0,5
BRDA:687,96,1,6
BRDA:690,97,0,1
BRDA:701,98,0,0
BRDA:712,99,0,5
BRDA:712,100,0,32
BRDA:712,100,1,32
BRDA:712,100,2,29
BRDA:712,100,3,28
BRDA:715,101,0,27
BRDA:715,101,1,23
BRDA:715,101,2,22
BRDA:715,101,3,22
BRDA:720,102,0,12
BRDA:720,102,1,15
BRDA:720,103,0,27
BRDA:720,103,1,22
BRDA:720,103,2,21
BRDA:720,103,3,16
BRDA:723,104,0,4
BRDA:723,104,1,8
BRDA:724,105,0,5
BRDA:724,105,1,10
BRDA:724,106,0,15
BRDA:724,106,1,11
BRDA:726,107,0,2
BRDA:726,107,1,8
BRDA:726,108,0,10
BRDA:726,108,1,9
BRDA:728,109,0,1
BRDA:728,109,1,7
BRDA:730,110,0,3
BRDA:730,110,1,4
BRDA:731,111,0,3
BRDA:731,111,1,1
BRDA:731,111,2,0
BRDA:731,112,0,0
BRDA:731,112,1,0
BRDA:732,113,0,2
BRDA:732,113,1,2
BRDA:733,114,0,2
BRDA:733,114,1,0
BRDA:733,115,0,5
BRDA:733,115,1,2
BRDA:733,115,2,1
BRDA:734,116,0,0
BRDA:734,116,1,2
BRDA:735,117,0,0
BRDA:735,117,1,0
BRDA:736,118,0,2
BRDA:737,119,0,1
BRDA:737,119,1,1
BRDA:741,120,0,0
BRDA:741,120,1,0
BRDA:742,121,0,0
BRDA:742,121,1,0
BRDA:749,122,0,2
BRDA:753,123,0,3
BRDA:756,124,0,1
BRDA:757,125,0,2
BRDA:757,125,1,1
BRDA:758,126,0,1
BRDA:764,127,0,4
BRDA:764,127,1,4
BRDA:764,127,2,4
BRDA:765,128,0,4
BRDA:765,128,1,0
BRDA:780,129,0,2
BRDA:780,129,1,7
BRDA:782,130,0,3
BRDA:782,130,1,4
BRDA:784,131,0,2
BRDA:784,131,1,2
BRDA:785,132,0,2
BRDA:785,132,1,0
BRDA:786,133,0,0
BRDA:786,133,1,2
BRDA:787,134,0,0
BRDA:787,134,1,0
BRDA:788,135,0,0
BRDA:788,135,1,2
BRDA:789,136,0,0
BRDA:789,136,1,0
BRDA:790,137,0,0
BRDA:790,137,1,2
BRDA:791,138,0,0
BRDA:791,138,1,0
BRDA:792,139,0,0
BRDA:792,139,1,2
BRDA:793,140,0,0
BRDA:793,140,1,0
BRDA:793,141,0,0
BRDA:793,141,1,0
BRDA:794,142,0,0
BRDA:794,142,1,2
BRDA:795,143,0,0
BRDA:795,143,1,0
BRDA:795,143,2,0
BRDA:796,144,0,0
BRDA:796,144,1,2
BRDA:797,145,0,0
BRDA:797,145,1,0
BRDA:798,146,0,0
BRDA:798,146,1,2
BRDA:799,147,0,0
BRDA:799,147,1,0
BRDA:800,148,0,0
BRDA:800,148,1,2
BRDA:801,149,0,0
BRDA:801,149,1,0
BRDA:801,149,2,0
BRDA:802,150,0,0
BRDA:802,150,1,2
BRDA:803,151,0,0
BRDA:803,151,1,0
BRDA:804,152,0,1
BRDA:804,152,1,1
BRDA:809,153,0,0
BRDA:809,153,1,1
BRDA:809,154,0,1
BRDA:809,154,1,0
BRDA:809,154,2,0
BRDA:809,154,3,0
BRDA:818,155,0,1
BRDA:818,155,1,0
BRDA:820,156,0,0
BRDA:820,156,1,0
BRDA:824,157,0,0
BRDA:824,157,1,0
BRDA:825,158,0,0
BRDA:825,158,1,0
BRDA:825,158,2,0
BRDA:825,158,3,0
BRDA:830,159,0,0
BRDA:851,160,0,0
BRDA:854,161,0,0
BRDA:855,162,0,0
BRDA:858,163,0,0
BRDA:859,164,0,0
BRDA:883,165,0,0
BRDA:883,165,1,0
BRDA:894,166,0,0
BRDA:894,167,0,0
BRDA:894,167,1,0
BRDA:898,168,0,0
BRDA:924,169,0,0
BRDA:932,170,0,0
BRDA:932,170,1,0
BRDA:932,171,0,0
BRDA:932,171,1,0
BRDA:938,172,0,0
BRDA:944,173,0,0
BRDA:948,174,0,0
BRDA:952,175,0,0
BRDA:952,175,1,0
BRF:310
BRH:194
end_of_record
